method = sample (Default)
  sample
    num_samples = 1000 (Default)
method = sample (Default)
  sample
    num_samples = 1000 (Default)
    num_warmup = 1000 (Default)
    num_warmup = 1000 (Default)
    save_warmup = 0 (Default)
    thin = 1 (Default)
method = sample (Default)
    save_warmup = 0 (Default)
method = sample (Default)
    adapt
      engaged = 1 (Default)
  sample
    num_samples = 1000 (Default)
    num_warmup = 1000 (Default)
    thin = 1 (Default)
    adapt
      engaged = 1 (Default)
      gamma = 0.050000 (Default)
      delta = 0.800000 (Default)
      kappa = 0.750000 (Default)
      gamma = 0.050000 (Default)
      t0 = 10.000000 (Default)
  sample
      init_buffer = 75 (Default)
      term_buffer = 50 (Default)
    num_samples = 1000 (Default)
    save_warmup = 0 (Default)
      delta = 0.800000 (Default)
      window = 25 (Default)
    num_warmup = 1000 (Default)
    thin = 1 (Default)
      kappa = 0.750000 (Default)
      t0 = 10.000000 (Default)
      init_buffer = 75 (Default)
      term_buffer = 50 (Default)
    algorithm = hmc (Default)
      hmc
        engine = nuts (Default)
          nuts
            max_depth = 10 (Default)
        metric = diag_e (Default)
        metric_file =  (Default)
        stepsize = 1.000000 (Default)
        stepsize_jitter = 0.000000 (Default)
    num_chains = 1 (Default)
id = 1 (Default)
data
  file =  (Default)
init = 2 (Default)
random
  seed = 3928136334 (Default)
output
    adapt
      engaged = 1 (Default)
      gamma = 0.050000 (Default)
      delta = 0.800000 (Default)
      kappa = 0.750000 (Default)
      t0 = 10.000000 (Default)
      init_buffer = 75 (Default)
      term_buffer = 50 (Default)
      window = 25 (Default)
    algorithm = hmc (Default)
      hmc
        engine = nuts (Default)
          nuts
            max_depth = 10 (Default)
  file = /Users/rob/.julia/dev/StanIO/test/generate_edges_data/../../data/oned_sample/oned_sample_chain_1.csv
  diagnostic_file =  (Default)
  refresh = 100 (Default)
  sig_figs = 6
  profile_file = profile.csv (Default)
  save_cmdstan_config = 0 (Default)
num_threads = 1 (Default)

        metric = diag_e (Default)
        metric_file =  (Default)
        stepsize = 1.000000 (Default)
        stepsize_jitter = 0.000000 (Default)
    num_chains = 1 (Default)
id = 4
data
  file =  (Default)
init = 2 (Default)
random
  seed = 3928136334 (Default)
output
    save_warmup = 0 (Default)
    thin = 1 (Default)
    adapt
      engaged = 1 (Default)
      gamma = 0.050000 (Default)
      delta = 0.800000 (Default)
      kappa = 0.750000 (Default)
      t0 = 10.000000 (Default)
      init_buffer = 75 (Default)
      term_buffer = 50 (Default)
      window = 25 (Default)
    algorithm = hmc (Default)
      hmc
        engine = nuts (Default)
          nuts
            max_depth = 10 (Default)
        metric = diag_e (Default)
        metric_file =  (Default)
  file = /Users/rob/.julia/dev/StanIO/test/generate_edges_data/../../data/oned_sample/oned_sample_chain_4.csv
  diagnostic_file =  (Default)
  refresh = 100 (Default)
  sig_figs = 6
  profile_file = profile.csv (Default)
  save_cmdstan_config = 0 (Default)
num_threads = 1 (Default)

      window = 25 (Default)
    algorithm = hmc (Default)
      hmc
        engine = nuts (Default)
          nuts
            max_depth = 10 (Default)
        metric = diag_e (Default)
        metric_file =  (Default)
        stepsize = 1.000000 (Default)
        stepsize_jitter = 0.000000 (Default)
    num_chains = 1 (Default)
id = 3
data
  file =  (Default)
init = 2 (Default)
random
  seed = 3928136334 (Default)
output
  file = /Users/rob/.julia/dev/StanIO/test/generate_edges_data/../../data/oned_sample/oned_sample_chain_3.csv
  diagnostic_file =  (Default)
  refresh = 100 (Default)
  sig_figs = 6
  profile_file = profile.csv (Default)
  save_cmdstan_config = 0 (Default)
num_threads = 1 (Default)

        stepsize = 1.000000 (Default)
        stepsize_jitter = 0.000000 (Default)
    num_chains = 1 (Default)
id = 2
data
  file =  (Default)
init = 2 (Default)
random
  seed = 3928136334 (Default)
output
  file = /Users/rob/.julia/dev/StanIO/test/generate_edges_data/../../data/oned_sample/oned_sample_chain_2.csv
  diagnostic_file =  (Default)
  refresh = 100 (Default)
  sig_figs = 6
  profile_file = profile.csv (Default)
  save_cmdstan_config = 0 (Default)
num_threads = 1 (Default)

Model contains no parameters, running fixed_param sampler, no updates to Markov chain
Iteration:   1 / 1000 [  0%]  (Sampling)
Model contains no parameters, running fixed_param sampler, no updates to Markov chain
Iteration:   1 / 1000 [  0%]  (Sampling)
Model contains no parameters, running fixed_param sampler, no updates to Markov chain
Iteration:   1 / 1000 [  0%]  (Sampling)
Model contains no parameters, running fixed_param sampler, no updates to Markov chain
Iteration:   1 / 1000 [  0%]  (Sampling)
Iteration: 100 / 1000 [ 10%]  (Sampling)
Iteration: 100 / 1000 [ 10%]  (Sampling)
Iteration: 100 / 1000 [ 10%]  (Sampling)
Iteration: 100 / 1000 [ 10%]  (Sampling)
Iteration: 200 / 1000 [ 20%]  (Sampling)
Iteration: 200 / 1000 [ 20%]  (Sampling)
Iteration: 200 / 1000 [ 20%]  (Sampling)
Iteration: 200 / 1000 [ 20%]  (Sampling)
Iteration: 300 / 1000 [ 30%]  (Sampling)
Iteration: 300 / 1000 [ 30%]  (Sampling)
Iteration: 300 / 1000 [ 30%]  (Sampling)
Iteration: 300 / 1000 [ 30%]  (Sampling)
Iteration: 400 / 1000 [ 40%]  (Sampling)
Iteration: 400 / 1000 [ 40%]  (Sampling)
Iteration: 400 / 1000 [ 40%]  (Sampling)
Iteration: 400 / 1000 [ 40%]  (Sampling)
Iteration: 500 / 1000 [ 50%]  (Sampling)
Iteration: 500 / 1000 [ 50%]  (Sampling)
Iteration: 500 / 1000 [ 50%]  (Sampling)
Iteration: 500 / 1000 [ 50%]  (Sampling)
Iteration: 600 / 1000 [ 60%]  (Sampling)
Iteration: 600 / 1000 [ 60%]  (Sampling)
Iteration: 600 / 1000 [ 60%]  (Sampling)
Iteration: 600 / 1000 [ 60%]  (Sampling)
Iteration: 700 / 1000 [ 70%]  (Sampling)
Iteration: 700 / 1000 [ 70%]  (Sampling)
Iteration: 700 / 1000 [ 70%]  (Sampling)
Iteration: 700 / 1000 [ 70%]  (Sampling)
Iteration: 800 / 1000 [ 80%]  (Sampling)
Iteration: 800 / 1000 [ 80%]  (Sampling)
Iteration: 800 / 1000 [ 80%]  (Sampling)
Iteration: 800 / 1000 [ 80%]  (Sampling)
Iteration: 900 / 1000 [ 90%]  (Sampling)
Iteration: 900 / 1000 [ 90%]  (Sampling)
Iteration: 900 / 1000 [ 90%]  (Sampling)
Iteration: 900 / 1000 [ 90%]  (Sampling)
Iteration: 1000 / 1000 [100%]  (Sampling)

 Elapsed Time: 0 seconds (Warm-up)
               0.011 seconds (Sampling)
               0.011 seconds (Total)

Iteration: 1000 / 1000 [100%]  (Sampling)
Iteration: 1000 / 1000 [100%]  (Sampling)

 Elapsed Time: 0 seconds (Warm-up)
               0.011 seconds (Sampling)
               0.011 seconds (Total)


 Elapsed Time: 0 seconds (Warm-up)
               0.011 seconds (Sampling)
               0.011 seconds (Total)

Iteration: 1000 / 1000 [100%]  (Sampling)

 Elapsed Time: 0 seconds (Warm-up)
               0.011 seconds (Sampling)
               0.011 seconds (Total)

