method = sample (Default)
method = sample (Default)
  sample
  sample
    num_samples = 1000 (Default)
    num_samples = 1000 (Default)
    num_warmup = 1000 (Default)
    num_warmup = 1000 (Default)
    save_warmup = 0 (Default)
    thin = 1 (Default)
    adapt
    save_warmup = 0 (Default)
      engaged = 1 (Default)
    thin = 1 (Default)
method = sample (Default)
    adapt
method = sample (Default)
      gamma = 0.050000 (Default)
      engaged = 1 (Default)
  sample
  sample
      delta = 0.800000 (Default)
      gamma = 0.050000 (Default)
    num_samples = 1000 (Default)
    num_samples = 1000 (Default)
      kappa = 0.750000 (Default)
      delta = 0.800000 (Default)
    num_warmup = 1000 (Default)
    num_warmup = 1000 (Default)
      t0 = 10.000000 (Default)
    save_warmup = 0 (Default)
      kappa = 0.750000 (Default)
      init_buffer = 75 (Default)
    save_warmup = 0 (Default)
    thin = 1 (Default)
      t0 = 10.000000 (Default)
    adapt
      term_buffer = 50 (Default)
      init_buffer = 75 (Default)
      engaged = 1 (Default)
    thin = 1 (Default)
      window = 25 (Default)
      term_buffer = 50 (Default)
    adapt
      gamma = 0.050000 (Default)
      window = 25 (Default)
      save_metric = 0 (Default)
      engaged = 1 (Default)
      save_metric = 0 (Default)
    algorithm = hmc (Default)
      delta = 0.800000 (Default)
    algorithm = hmc (Default)
      hmc
      gamma = 0.050000 (Default)
      hmc
      kappa = 0.750000 (Default)
        engine = nuts (Default)
        engine = nuts (Default)
      delta = 0.800000 (Default)
          nuts
          nuts
      t0 = 10.000000 (Default)
      kappa = 0.750000 (Default)
            max_depth = 10 (Default)
      init_buffer = 75 (Default)
            max_depth = 10 (Default)
        metric = diag_e (Default)
      t0 = 10.000000 (Default)
        metric = diag_e (Default)
      term_buffer = 50 (Default)
        metric_file =  (Default)
      init_buffer = 75 (Default)
      window = 25 (Default)
        metric_file =  (Default)
      term_buffer = 50 (Default)
        stepsize = 1.000000 (Default)
      save_metric = 0 (Default)
        stepsize = 1.000000 (Default)
      window = 25 (Default)
        stepsize_jitter = 0.000000 (Default)
    algorithm = hmc (Default)
    num_chains = 1 (Default)
      save_metric = 0 (Default)
id = 1 (Default)
      hmc
    algorithm = hmc (Default)
data
        engine = nuts (Default)
          nuts
      hmc
  file =  (Default)
            max_depth = 10 (Default)
        engine = nuts (Default)
init = 2 (Default)
        stepsize_jitter = 0.000000 (Default)
          nuts
random
        metric = diag_e (Default)
    num_chains = 1 (Default)
  seed = 1994504260 (Default)
        metric_file =  (Default)
id = 4
output
            max_depth = 10 (Default)
data
        stepsize = 1.000000 (Default)
        metric = diag_e (Default)
  file =  (Default)
  file = /Users/rob/.julia/dev/StanIO/data/ultimate/brian_data_chain_1.csv
        stepsize_jitter = 0.000000 (Default)
init = 2 (Default)
  diagnostic_file =  (Default)
random
    num_chains = 1 (Default)
        metric_file =  (Default)
  seed = 1994504260 (Default)
id = 3
output
data
        stepsize = 1.000000 (Default)
  file =  (Default)
  refresh = 100 (Default)
init = 2 (Default)
  file = /Users/rob/.julia/dev/StanIO/data/ultimate/brian_data_chain_4.csv
random
  sig_figs = 6
        stepsize_jitter = 0.000000 (Default)
  seed = 1994504260 (Default)
  diagnostic_file =  (Default)
  profile_file = profile.csv (Default)
output
    num_chains = 1 (Default)
  save_cmdstan_config = 0 (Default)
  refresh = 100 (Default)
id = 2
  file = /Users/rob/.julia/dev/StanIO/data/ultimate/brian_data_chain_3.csv
  sig_figs = 6
data
num_threads = 1 (Default)
  profile_file = profile.csv (Default)
  file =  (Default)

  diagnostic_file =  (Default)
init = 2 (Default)
  refresh = 100 (Default)
  sig_figs = 6
  profile_file = profile.csv (Default)
  save_cmdstan_config = 0 (Default)
  save_cmdstan_config = 0 (Default)
random
num_threads = 1 (Default)

num_threads = 1 (Default)
  seed = 1994504260 (Default)

output
  file = /Users/rob/.julia/dev/StanIO/data/ultimate/brian_data_chain_2.csv
  diagnostic_file =  (Default)
  refresh = 100 (Default)
  sig_figs = 6
  profile_file = profile.csv (Default)
  save_cmdstan_config = 0 (Default)
num_threads = 1 (Default)

Model contains no parameters, running fixed_param sampler, no updates to Markov chain
Model contains no parameters, running fixed_param sampler, no updates to Markov chain
Model contains no parameters, running fixed_param sampler, no updates to Markov chain
Model contains no parameters, running fixed_param sampler, no updates to Markov chain
Iteration:   1 / 1000 [  0%]  (Sampling)
Iteration:   1 / 1000 [  0%]  (Sampling)
Iteration:   1 / 1000 [  0%]  (Sampling)
Iteration:   1 / 1000 [  0%]  (Sampling)
Iteration: 100 / 1000 [ 10%]  (Sampling)
Iteration: 100 / 1000 [ 10%]  (Sampling)
Iteration: 100 / 1000 [ 10%]  (Sampling)
Iteration: 100 / 1000 [ 10%]  (Sampling)
Iteration: 200 / 1000 [ 20%]  (Sampling)
Iteration: 200 / 1000 [ 20%]  (Sampling)
Iteration: 200 / 1000 [ 20%]  (Sampling)
Iteration: 200 / 1000 [ 20%]  (Sampling)
Iteration: 300 / 1000 [ 30%]  (Sampling)
Iteration: 300 / 1000 [ 30%]  (Sampling)
Iteration: 300 / 1000 [ 30%]  (Sampling)
Iteration: 300 / 1000 [ 30%]  (Sampling)
Iteration: 400 / 1000 [ 40%]  (Sampling)
Iteration: 400 / 1000 [ 40%]  (Sampling)
Iteration: 400 / 1000 [ 40%]  (Sampling)
Iteration: 400 / 1000 [ 40%]  (Sampling)
Iteration: 500 / 1000 [ 50%]  (Sampling)
Iteration: 500 / 1000 [ 50%]  (Sampling)
Iteration: 500 / 1000 [ 50%]  (Sampling)
Iteration: 500 / 1000 [ 50%]  (Sampling)
Iteration: 600 / 1000 [ 60%]  (Sampling)
Iteration: 600 / 1000 [ 60%]  (Sampling)
Iteration: 600 / 1000 [ 60%]  (Sampling)
Iteration: 600 / 1000 [ 60%]  (Sampling)
Iteration: 700 / 1000 [ 70%]  (Sampling)
Iteration: 700 / 1000 [ 70%]  (Sampling)
Iteration: 700 / 1000 [ 70%]  (Sampling)
Iteration: 700 / 1000 [ 70%]  (Sampling)
Iteration: 800 / 1000 [ 80%]  (Sampling)
Iteration: 800 / 1000 [ 80%]  (Sampling)
Iteration: 800 / 1000 [ 80%]  (Sampling)
Iteration: 800 / 1000 [ 80%]  (Sampling)
Iteration: 900 / 1000 [ 90%]  (Sampling)
Iteration: 900 / 1000 [ 90%]  (Sampling)
Iteration: 900 / 1000 [ 90%]  (Sampling)
Iteration: 900 / 1000 [ 90%]  (Sampling)
Iteration: 1000 / 1000 [100%]  (Sampling)
Iteration: 1000 / 1000 [100%]  (Sampling)
Iteration: 1000 / 1000 [100%]  (Sampling)

 Elapsed Time: 0 seconds (Warm-up)
               0.068 seconds (Sampling)

 Elapsed Time: 0 seconds (Warm-up)
               0.068 seconds (Sampling)
               0.068 seconds (Total)

               0.068 seconds (Total)


 Elapsed Time: 0 seconds (Warm-up)
               0.068 seconds (Sampling)
               0.068 seconds (Total)

Iteration: 1000 / 1000 [100%]  (Sampling)

 Elapsed Time: 0 seconds (Warm-up)
               0.068 seconds (Sampling)
               0.068 seconds (Total)

