method = sample (Default)
method = sample (Default)
method = sample (Default)
  sample
  sample
  sample
    num_samples = 1000 (Default)
    num_samples = 1000 (Default)
    num_warmup = 1000 (Default)
    num_samples = 1000 (Default)
    save_warmup = 0 (Default)
    num_warmup = 1000 (Default)
    num_warmup = 1000 (Default)
    thin = 1 (Default)
method = sample (Default)
    save_warmup = 0 (Default)
    save_warmup = 0 (Default)
    thin = 1 (Default)
    adapt
    adapt
    thin = 1 (Default)
  sample
      engaged = 1 (Default)
    adapt
      engaged = 1 (Default)
    num_samples = 1000 (Default)
      gamma = 0.050000 (Default)
      engaged = 1 (Default)
    num_warmup = 1000 (Default)
      gamma = 0.050000 (Default)
      delta = 0.800000 (Default)
    save_warmup = 0 (Default)
      gamma = 0.050000 (Default)
      kappa = 0.750000 (Default)
    thin = 1 (Default)
      delta = 0.800000 (Default)
    adapt
      t0 = 10.000000 (Default)
      engaged = 1 (Default)
      kappa = 0.750000 (Default)
      gamma = 0.050000 (Default)
      delta = 0.800000 (Default)
      delta = 0.800000 (Default)
      t0 = 10.000000 (Default)
      init_buffer = 75 (Default)
      init_buffer = 75 (Default)
      term_buffer = 50 (Default)
      term_buffer = 50 (Default)
      kappa = 0.750000 (Default)
      window = 25 (Default)
      window = 25 (Default)
    algorithm = hmc (Default)
      t0 = 10.000000 (Default)
    algorithm = hmc (Default)
      hmc
      hmc
        engine = nuts (Default)
      kappa = 0.750000 (Default)
          nuts
      t0 = 10.000000 (Default)
            max_depth = 10 (Default)
      init_buffer = 75 (Default)
      init_buffer = 75 (Default)
        metric = diag_e (Default)
      term_buffer = 50 (Default)
      term_buffer = 50 (Default)
        metric_file =  (Default)
      window = 25 (Default)
        stepsize = 1.000000 (Default)
      window = 25 (Default)
    algorithm = hmc (Default)
        stepsize_jitter = 0.000000 (Default)
    algorithm = hmc (Default)
      hmc
    num_chains = 1 (Default)
      hmc
        engine = nuts (Default)
id = 4
        engine = nuts (Default)
          nuts
data
          nuts
        engine = nuts (Default)
            max_depth = 10 (Default)
  file =  (Default)
          nuts
            max_depth = 10 (Default)
init = 2 (Default)
        metric = diag_e (Default)
            max_depth = 10 (Default)
random
        metric = diag_e (Default)
        metric = diag_e (Default)
        metric_file =  (Default)
        metric_file =  (Default)
  seed = 1046885734 (Default)
        metric_file =  (Default)
        stepsize = 1.000000 (Default)
output
        stepsize = 1.000000 (Default)
        stepsize = 1.000000 (Default)
        stepsize_jitter = 0.000000 (Default)
    num_chains = 1 (Default)
  file = /Users/rob/.julia/dev/StanIO/data/tup_03/tup_03_chain_4.csv
        stepsize_jitter = 0.000000 (Default)
id = 1 (Default)
  diagnostic_file =  (Default)
    num_chains = 1 (Default)
data
        stepsize_jitter = 0.000000 (Default)
  refresh = 100 (Default)
  file =  (Default)
id = 3
init = 2 (Default)
data
random
  file =  (Default)
    num_chains = 1 (Default)
  seed = 1046885734 (Default)
init = 2 (Default)
id = 2
output
data
random
  file =  (Default)
  file = /Users/rob/.julia/dev/StanIO/data/tup_03/tup_03_chain_1.csv
  seed = 1046885734 (Default)
init = 2 (Default)
output
random
  sig_figs = 6
  file = /Users/rob/.julia/dev/StanIO/data/tup_03/tup_03_chain_3.csv
  seed = 1046885734 (Default)
  profile_file = profile.csv (Default)
output
  diagnostic_file =  (Default)
  diagnostic_file =  (Default)
  refresh = 100 (Default)
  refresh = 100 (Default)
  sig_figs = 6
  sig_figs = 6
  file = /Users/rob/.julia/dev/StanIO/data/tup_03/tup_03_chain_2.csv
  profile_file = profile.csv (Default)
  profile_file = profile.csv (Default)
  save_cmdstan_config = 0 (Default)
  save_cmdstan_config = 0 (Default)
num_threads = 1 (Default)
num_threads = 1 (Default)

  save_cmdstan_config = 0 (Default)

  diagnostic_file =  (Default)
  refresh = 100 (Default)
  sig_figs = 6
  profile_file = profile.csv (Default)
  save_cmdstan_config = 0 (Default)
num_threads = 1 (Default)

num_threads = 1 (Default)

Model contains no parameters, running fixed_param sampler, no updates to Markov chain
Model contains no parameters, running fixed_param sampler, no updates to Markov chain
Model contains no parameters, running fixed_param sampler, no updates to Markov chain
Iteration:   1 / 1000 [  0%]  (Sampling)
Iteration:   1 / 1000 [  0%]  (Sampling)
Iteration:   1 / 1000 [  0%]  (Sampling)
Model contains no parameters, running fixed_param sampler, no updates to Markov chain
Iteration:   1 / 1000 [  0%]  (Sampling)
Iteration: 100 / 1000 [ 10%]  (Sampling)
Iteration: 100 / 1000 [ 10%]  (Sampling)
Iteration: 100 / 1000 [ 10%]  (Sampling)
Iteration: 100 / 1000 [ 10%]  (Sampling)
Iteration: 200 / 1000 [ 20%]  (Sampling)
Iteration: 200 / 1000 [ 20%]  (Sampling)
Iteration: 200 / 1000 [ 20%]  (Sampling)
Iteration: 200 / 1000 [ 20%]  (Sampling)
Iteration: 300 / 1000 [ 30%]  (Sampling)
Iteration: 300 / 1000 [ 30%]  (Sampling)
Iteration: 300 / 1000 [ 30%]  (Sampling)
Iteration: 300 / 1000 [ 30%]  (Sampling)
Iteration: 400 / 1000 [ 40%]  (Sampling)
Iteration: 400 / 1000 [ 40%]  (Sampling)
Iteration: 400 / 1000 [ 40%]  (Sampling)
Iteration: 400 / 1000 [ 40%]  (Sampling)
Iteration: 500 / 1000 [ 50%]  (Sampling)
Iteration: 500 / 1000 [ 50%]  (Sampling)
Iteration: 500 / 1000 [ 50%]  (Sampling)
Iteration: 500 / 1000 [ 50%]  (Sampling)
Iteration: 600 / 1000 [ 60%]  (Sampling)
Iteration: 600 / 1000 [ 60%]  (Sampling)
Iteration: 600 / 1000 [ 60%]  (Sampling)
Iteration: 600 / 1000 [ 60%]  (Sampling)
Iteration: 700 / 1000 [ 70%]  (Sampling)
Iteration: 700 / 1000 [ 70%]  (Sampling)
Iteration: 700 / 1000 [ 70%]  (Sampling)
Iteration: 700 / 1000 [ 70%]  (Sampling)
Iteration: 800 / 1000 [ 80%]  (Sampling)
Iteration: 800 / 1000 [ 80%]  (Sampling)
Iteration: 800 / 1000 [ 80%]  (Sampling)
Iteration: 800 / 1000 [ 80%]  (Sampling)
Iteration: 900 / 1000 [ 90%]  (Sampling)
Iteration: 900 / 1000 [ 90%]  (Sampling)
Iteration: 900 / 1000 [ 90%]  (Sampling)
Iteration: 900 / 1000 [ 90%]  (Sampling)
Iteration: 1000 / 1000 [100%]  (Sampling)

 Elapsed Time: 0 seconds (Warm-up)
               0.053 seconds (Sampling)
               0.053 seconds (Total)

Iteration: 1000 / 1000 [100%]  (Sampling)

 Elapsed Time: 0 seconds (Warm-up)
               0.053 seconds (Sampling)
Iteration: 1000 / 1000 [100%]  (Sampling)
               0.053 seconds (Total)


 Elapsed Time: 0 seconds (Warm-up)
               0.053 seconds (Sampling)
               0.053 seconds (Total)

Iteration: 1000 / 1000 [100%]  (Sampling)

 Elapsed Time: 0 seconds (Warm-up)
               0.053 seconds (Sampling)
               0.053 seconds (Total)

