method = sample (Default)
method = sample (Default)
  sample
    num_samples = 1000 (Default)
    num_warmup = 1000 (Default)
    save_warmup = 0 (Default)
    thin = 1 (Default)
    adapt
      engaged = 1 (Default)
  sample
      gamma = 0.050000 (Default)
    num_samples = 1000 (Default)
method = sample (Default)
      delta = 0.800000 (Default)
    num_warmup = 1000 (Default)
  sample
method = sample (Default)
    save_warmup = 0 (Default)
      kappa = 0.750000 (Default)
  sample
    thin = 1 (Default)
      t0 = 10.000000 (Default)
    num_samples = 1000 (Default)
    adapt
      init_buffer = 75 (Default)
    num_samples = 1000 (Default)
      engaged = 1 (Default)
      term_buffer = 50 (Default)
    num_warmup = 1000 (Default)
    num_warmup = 1000 (Default)
      window = 25 (Default)
    save_warmup = 0 (Default)
    save_warmup = 0 (Default)
    algorithm = hmc (Default)
    thin = 1 (Default)
    thin = 1 (Default)
      hmc
    adapt
    adapt
      gamma = 0.050000 (Default)
        engine = nuts (Default)
      engaged = 1 (Default)
      gamma = 0.050000 (Default)
      delta = 0.800000 (Default)
      delta = 0.800000 (Default)
          nuts
      engaged = 1 (Default)
            max_depth = 10 (Default)
      kappa = 0.750000 (Default)
      gamma = 0.050000 (Default)
      t0 = 10.000000 (Default)
      delta = 0.800000 (Default)
        metric = diag_e (Default)
      init_buffer = 75 (Default)
        metric_file =  (Default)
      kappa = 0.750000 (Default)
        stepsize = 1.000000 (Default)
      t0 = 10.000000 (Default)
      init_buffer = 75 (Default)
      term_buffer = 50 (Default)
      term_buffer = 50 (Default)
      window = 25 (Default)
        stepsize_jitter = 0.000000 (Default)
      kappa = 0.750000 (Default)
    algorithm = hmc (Default)
    num_chains = 1 (Default)
      window = 25 (Default)
      hmc
id = 3
    algorithm = hmc (Default)
        engine = nuts (Default)
data
      hmc
          nuts
  file =  (Default)
        engine = nuts (Default)
            max_depth = 10 (Default)
init = 2 (Default)
          nuts
random
  seed = 1043408203 (Default)
output
      t0 = 10.000000 (Default)
      init_buffer = 75 (Default)
      term_buffer = 50 (Default)
      window = 25 (Default)
    algorithm = hmc (Default)
  file = /Users/rob/.julia/dev/StanIO/data/tup_01/tup_01_chain_3.csv
  diagnostic_file =  (Default)
  refresh = 100 (Default)
            max_depth = 10 (Default)
  sig_figs = 6
        metric = diag_e (Default)
  profile_file = profile.csv (Default)
      hmc
  save_cmdstan_config = 0 (Default)
        engine = nuts (Default)
num_threads = 1 (Default)
        metric_file =  (Default)
        metric = diag_e (Default)
        stepsize = 1.000000 (Default)

        metric_file =  (Default)
          nuts
        stepsize = 1.000000 (Default)
            max_depth = 10 (Default)
        stepsize_jitter = 0.000000 (Default)
    num_chains = 1 (Default)
id = 4
        metric = diag_e (Default)
        metric_file =  (Default)
data
  file =  (Default)
init = 2 (Default)
        stepsize = 1.000000 (Default)
random
        stepsize_jitter = 0.000000 (Default)
    num_chains = 1 (Default)
id = 2
data
  file =  (Default)
init = 2 (Default)
random
  seed = 1043408203 (Default)
output
  file = /Users/rob/.julia/dev/StanIO/data/tup_01/tup_01_chain_2.csv
  diagnostic_file =  (Default)
  refresh = 100 (Default)
  sig_figs = 6
  profile_file = profile.csv (Default)
  save_cmdstan_config = 0 (Default)
num_threads = 1 (Default)
  seed = 1043408203 (Default)
output

  file = /Users/rob/.julia/dev/StanIO/data/tup_01/tup_01_chain_4.csv
  diagnostic_file =  (Default)
  refresh = 100 (Default)
  sig_figs = 6
  profile_file = profile.csv (Default)
  save_cmdstan_config = 0 (Default)
num_threads = 1 (Default)

        stepsize_jitter = 0.000000 (Default)
    num_chains = 1 (Default)
id = 1 (Default)
data
  file =  (Default)
init = 2 (Default)
random
  seed = 1043408203 (Default)
output
  file = /Users/rob/.julia/dev/StanIO/data/tup_01/tup_01_chain_1.csv
  diagnostic_file =  (Default)
  refresh = 100 (Default)
  sig_figs = 6
  profile_file = profile.csv (Default)
  save_cmdstan_config = 0 (Default)
num_threads = 1 (Default)
Model contains no parameters, running fixed_param sampler, no updates to Markov chain

Iteration:   1 / 1000 [  0%]  (Sampling)
Model contains no parameters, running fixed_param sampler, no updates to Markov chain
Iteration:   1 / 1000 [  0%]  (Sampling)
Model contains no parameters, running fixed_param sampler, no updates to Markov chain
Iteration:   1 / 1000 [  0%]  (Sampling)
Model contains no parameters, running fixed_param sampler, no updates to Markov chain
Iteration:   1 / 1000 [  0%]  (Sampling)
Iteration: 100 / 1000 [ 10%]  (Sampling)
Iteration: 100 / 1000 [ 10%]  (Sampling)
Iteration: 100 / 1000 [ 10%]  (Sampling)
Iteration: 100 / 1000 [ 10%]  (Sampling)
Iteration: 200 / 1000 [ 20%]  (Sampling)
Iteration: 200 / 1000 [ 20%]  (Sampling)
Iteration: 200 / 1000 [ 20%]  (Sampling)
Iteration: 200 / 1000 [ 20%]  (Sampling)
Iteration: 300 / 1000 [ 30%]  (Sampling)
Iteration: 300 / 1000 [ 30%]  (Sampling)
Iteration: 300 / 1000 [ 30%]  (Sampling)
Iteration: 300 / 1000 [ 30%]  (Sampling)
Iteration: 400 / 1000 [ 40%]  (Sampling)
Iteration: 400 / 1000 [ 40%]  (Sampling)
Iteration: 400 / 1000 [ 40%]  (Sampling)
Iteration: 400 / 1000 [ 40%]  (Sampling)
Iteration: 500 / 1000 [ 50%]  (Sampling)
Iteration: 500 / 1000 [ 50%]  (Sampling)
Iteration: 500 / 1000 [ 50%]  (Sampling)
Iteration: 500 / 1000 [ 50%]  (Sampling)
Iteration: 600 / 1000 [ 60%]  (Sampling)
Iteration: 600 / 1000 [ 60%]  (Sampling)
Iteration: 600 / 1000 [ 60%]  (Sampling)
Iteration: 600 / 1000 [ 60%]  (Sampling)
Iteration: 700 / 1000 [ 70%]  (Sampling)
Iteration: 700 / 1000 [ 70%]  (Sampling)
Iteration: 700 / 1000 [ 70%]  (Sampling)
Iteration: 700 / 1000 [ 70%]  (Sampling)
Iteration: 800 / 1000 [ 80%]  (Sampling)
Iteration: 800 / 1000 [ 80%]  (Sampling)
Iteration: 800 / 1000 [ 80%]  (Sampling)
Iteration: 800 / 1000 [ 80%]  (Sampling)
Iteration: 900 / 1000 [ 90%]  (Sampling)
Iteration: 900 / 1000 [ 90%]  (Sampling)
Iteration: 900 / 1000 [ 90%]  (Sampling)
Iteration: 900 / 1000 [ 90%]  (Sampling)
Iteration: 1000 / 1000 [100%]  (Sampling)

 Elapsed Time: 0 seconds (Warm-up)
               0.019 seconds (Sampling)
               0.019 seconds (Total)

Iteration: 1000 / 1000 [100%]  (Sampling)

 Elapsed Time: 0 seconds (Warm-up)
               0.019 seconds (Sampling)
               0.019 seconds (Total)

Iteration: 1000 / 1000 [100%]  (Sampling)

 Elapsed Time: 0 seconds (Warm-up)
               0.019 seconds (Sampling)
               0.019 seconds (Total)

Iteration: 1000 / 1000 [100%]  (Sampling)

 Elapsed Time: 0 seconds (Warm-up)
               0.02 seconds (Sampling)
               0.02 seconds (Total)

