method = sample (Default)
method = sample (Default)
  sample
  sample
    num_samples = 1000 (Default)
    num_samples = 1000 (Default)
    num_warmup = 1000 (Default)
    num_warmup = 1000 (Default)
    save_warmup = 0 (Default)
    thin = 1 (Default)
    adapt
      engaged = 1 (Default)
    save_warmup = 0 (Default)
    thin = 1 (Default)
    adapt
      engaged = 1 (Default)
      gamma = 0.050000 (Default)
      gamma = 0.050000 (Default)
      delta = 0.800000 (Default)
      delta = 0.800000 (Default)
      kappa = 0.750000 (Default)
      kappa = 0.750000 (Default)
      t0 = 10.000000 (Default)
      t0 = 10.000000 (Default)
      init_buffer = 75 (Default)
      term_buffer = 50 (Default)
      window = 25 (Default)
    algorithm = hmc (Default)
      hmc
        engine = nuts (Default)
          nuts
            max_depth = 10 (Default)
        metric = diag_e (Default)
        metric_file =  (Default)
        stepsize = 1.000000 (Default)
        stepsize_jitter = 0.000000 (Default)
    num_chains = 1 (Default)
id = 3
data
  file =  (Default)
init = 2 (Default)
random
      init_buffer = 75 (Default)
  seed = 3930430711 (Default)
output
      term_buffer = 50 (Default)
  file = /Users/rob/.julia/dev/StanIO/test/generate_array_data/../../data/arrays/arrays_chain_3.csv
  diagnostic_file =  (Default)
  refresh = 100 (Default)
  sig_figs = 6
  profile_file = profile.csv (Default)
  save_cmdstan_config = 0 (Default)
num_threads = 1 (Default)

      window = 25 (Default)
    algorithm = hmc (Default)
      hmc
        engine = nuts (Default)
          nuts
            max_depth = 10 (Default)
        metric = diag_e (Default)
        metric_file =  (Default)
        stepsize = 1.000000 (Default)
        stepsize_jitter = 0.000000 (Default)
    num_chains = 1 (Default)
id = 1 (Default)
data
  file =  (Default)
init = 2 (Default)
random
  seed = 3930430711 (Default)
output
  file = /Users/rob/.julia/dev/StanIO/test/generate_array_data/../../data/arrays/arrays_chain_1.csv
  diagnostic_file =  (Default)
  refresh = 100 (Default)
  sig_figs = 6
  profile_file = profile.csv (Default)
  save_cmdstan_config = 0 (Default)
num_threads = 1 (Default)

method = sample (Default)
  sample

Gradient evaluation took 1.5e-05 seconds
1000 transitions using 10 leapfrog steps per transition would take 0.15 seconds.
    num_samples = 1000 (Default)
Adjust your expectations accordingly!



    num_warmup = 1000 (Default)
    save_warmup = 0 (Default)
    thin = 1 (Default)
    adapt
      engaged = 1 (Default)
Gradient evaluation took 1.5e-05 seconds
      gamma = 0.050000 (Default)
      delta = 0.800000 (Default)
      kappa = 0.750000 (Default)
      t0 = 10.000000 (Default)
      init_buffer = 75 (Default)
      term_buffer = 50 (Default)
      window = 25 (Default)
    algorithm = hmc (Default)
      hmc
        engine = nuts (Default)
          nuts
            max_depth = 10 (Default)
        metric = diag_e (Default)
        metric_file =  (Default)
        stepsize = 1.000000 (Default)
        stepsize_jitter = 0.000000 (Default)
    num_chains = 1 (Default)
id = 4
data
  file =  (Default)
1000 transitions using 10 leapfrog steps per transition would take 0.15 seconds.
init = 2 (Default)
random
  seed = 3930430711 (Default)
output
  file = /Users/rob/.julia/dev/StanIO/test/generate_array_data/../../data/arrays/arrays_chain_4.csv
  diagnostic_file =  (Default)
  refresh = 100 (Default)
  sig_figs = 6
  profile_file = profile.csv (Default)
Iteration:    1 / 2000 [  0%]  (Warmup)
  save_cmdstan_config = 0 (Default)
Adjust your expectations accordingly!
num_threads = 1 (Default)



Iteration:    1 / 2000 [  0%]  (Warmup)

Gradient evaluation took 5e-06 seconds
1000 transitions using 10 leapfrog steps per transition would take 0.05 seconds.
Adjust your expectations accordingly!


Iteration:    1 / 2000 [  0%]  (Warmup)
method = sample (Default)
  sample
    num_samples = 1000 (Default)
    num_warmup = 1000 (Default)
    save_warmup = 0 (Default)
    thin = 1 (Default)
    adapt
      engaged = 1 (Default)
      gamma = 0.050000 (Default)
      delta = 0.800000 (Default)
      kappa = 0.750000 (Default)
      t0 = 10.000000 (Default)
      init_buffer = 75 (Default)
      term_buffer = 50 (Default)
      window = 25 (Default)
    algorithm = hmc (Default)
      hmc
        engine = nuts (Default)
          nuts
            max_depth = 10 (Default)
        metric = diag_e (Default)
        metric_file =  (Default)
        stepsize = 1.000000 (Default)
        stepsize_jitter = 0.000000 (Default)
    num_chains = 1 (Default)
id = 2
data
  file =  (Default)
init = 2 (Default)
random
  seed = 3930430712 (Default)
output
  file = /Users/rob/.julia/dev/StanIO/test/generate_array_data/../../data/arrays/arrays_chain_2.csv
  diagnostic_file =  (Default)
  refresh = 100 (Default)
  sig_figs = 6
  profile_file = profile.csv (Default)
  save_cmdstan_config = 0 (Default)
num_threads = 1 (Default)


Gradient evaluation took 1.4e-05 seconds
1000 transitions using 10 leapfrog steps per transition would take 0.14 seconds.
Adjust your expectations accordingly!


Iteration:    1 / 2000 [  0%]  (Warmup)
Iteration:  100 / 2000 [  5%]  (Warmup)
Iteration:  100 / 2000 [  5%]  (Warmup)
Iteration:  200 / 2000 [ 10%]  (Warmup)
Iteration:  100 / 2000 [  5%]  (Warmup)
Iteration:  200 / 2000 [ 10%]  (Warmup)
Iteration:  100 / 2000 [  5%]  (Warmup)
Iteration:  300 / 2000 [ 15%]  (Warmup)
Iteration:  200 / 2000 [ 10%]  (Warmup)
Iteration:  300 / 2000 [ 15%]  (Warmup)
Iteration:  400 / 2000 [ 20%]  (Warmup)
Iteration:  400 / 2000 [ 20%]  (Warmup)
Iteration:  300 / 2000 [ 15%]  (Warmup)
Iteration:  200 / 2000 [ 10%]  (Warmup)
Iteration:  500 / 2000 [ 25%]  (Warmup)
Iteration:  400 / 2000 [ 20%]  (Warmup)
Iteration:  500 / 2000 [ 25%]  (Warmup)
Iteration:  600 / 2000 [ 30%]  (Warmup)
Iteration:  300 / 2000 [ 15%]  (Warmup)
Iteration:  600 / 2000 [ 30%]  (Warmup)
Iteration:  500 / 2000 [ 25%]  (Warmup)
Iteration:  700 / 2000 [ 35%]  (Warmup)
Iteration:  700 / 2000 [ 35%]  (Warmup)
Iteration:  600 / 2000 [ 30%]  (Warmup)
Iteration:  800 / 2000 [ 40%]  (Warmup)
Iteration:  400 / 2000 [ 20%]  (Warmup)
Iteration:  800 / 2000 [ 40%]  (Warmup)
Iteration:  700 / 2000 [ 35%]  (Warmup)
Iteration:  900 / 2000 [ 45%]  (Warmup)
Iteration:  500 / 2000 [ 25%]  (Warmup)
Iteration:  900 / 2000 [ 45%]  (Warmup)
Iteration:  800 / 2000 [ 40%]  (Warmup)
Iteration: 1000 / 2000 [ 50%]  (Warmup)
Iteration: 1001 / 2000 [ 50%]  (Sampling)
Iteration:  600 / 2000 [ 30%]  (Warmup)
Iteration: 1000 / 2000 [ 50%]  (Warmup)
Iteration:  900 / 2000 [ 45%]  (Warmup)
Iteration: 1001 / 2000 [ 50%]  (Sampling)
Iteration: 1100 / 2000 [ 55%]  (Sampling)
Iteration: 1000 / 2000 [ 50%]  (Warmup)
Iteration: 1001 / 2000 [ 50%]  (Sampling)
Iteration:  700 / 2000 [ 35%]  (Warmup)
Iteration: 1100 / 2000 [ 55%]  (Sampling)
Iteration: 1200 / 2000 [ 60%]  (Sampling)
Iteration:  800 / 2000 [ 40%]  (Warmup)
Iteration: 1100 / 2000 [ 55%]  (Sampling)
Iteration: 1200 / 2000 [ 60%]  (Sampling)
Iteration:  900 / 2000 [ 45%]  (Warmup)
Iteration: 1300 / 2000 [ 65%]  (Sampling)
Iteration: 1200 / 2000 [ 60%]  (Sampling)
Iteration: 1300 / 2000 [ 65%]  (Sampling)
Iteration: 1000 / 2000 [ 50%]  (Warmup)
Iteration: 1001 / 2000 [ 50%]  (Sampling)
Iteration: 1400 / 2000 [ 70%]  (Sampling)
Iteration: 1300 / 2000 [ 65%]  (Sampling)
Iteration: 1400 / 2000 [ 70%]  (Sampling)
Iteration: 1100 / 2000 [ 55%]  (Sampling)
Iteration: 1500 / 2000 [ 75%]  (Sampling)
Iteration: 1400 / 2000 [ 70%]  (Sampling)
Iteration: 1500 / 2000 [ 75%]  (Sampling)
Iteration: 1200 / 2000 [ 60%]  (Sampling)
Iteration: 1600 / 2000 [ 80%]  (Sampling)
Iteration: 1500 / 2000 [ 75%]  (Sampling)
Iteration: 1600 / 2000 [ 80%]  (Sampling)
Iteration: 1300 / 2000 [ 65%]  (Sampling)
Iteration: 1700 / 2000 [ 85%]  (Sampling)
Iteration: 1600 / 2000 [ 80%]  (Sampling)
Iteration: 1700 / 2000 [ 85%]  (Sampling)
Iteration: 1400 / 2000 [ 70%]  (Sampling)
Iteration: 1800 / 2000 [ 90%]  (Sampling)
Iteration: 1700 / 2000 [ 85%]  (Sampling)
Iteration: 1500 / 2000 [ 75%]  (Sampling)
Iteration: 1800 / 2000 [ 90%]  (Sampling)
Iteration: 1900 / 2000 [ 95%]  (Sampling)
Iteration: 1800 / 2000 [ 90%]  (Sampling)
Iteration: 1600 / 2000 [ 80%]  (Sampling)
Iteration: 1900 / 2000 [ 95%]  (Sampling)
Iteration: 2000 / 2000 [100%]  (Sampling)

 Elapsed Time: 0.046 seconds (Warm-up)
               0.06 seconds (Sampling)
               0.106 seconds (Total)

Iteration: 1900 / 2000 [ 95%]  (Sampling)
Iteration: 1700 / 2000 [ 85%]  (Sampling)
Iteration: 2000 / 2000 [100%]  (Sampling)

 Elapsed Time: 0.05 seconds (Warm-up)
               0.06 seconds (Sampling)
               0.11 seconds (Total)

Iteration: 2000 / 2000 [100%]  (Sampling)

 Elapsed Time: 0.055 seconds (Warm-up)
               0.06 seconds (Sampling)
               0.115 seconds (Total)

Iteration: 1800 / 2000 [ 90%]  (Sampling)
Iteration: 1900 / 2000 [ 95%]  (Sampling)
Iteration: 2000 / 2000 [100%]  (Sampling)

 Elapsed Time: 0.067 seconds (Warm-up)
               0.058 seconds (Sampling)
               0.125 seconds (Total)

