method = sample (Default)
method = sample (Default)
  sample
  sample
    num_samples = 1000 (Default)
    num_warmup = 1000 (Default)
    save_warmup = 0 (Default)
    thin = 1 (Default)
method = sample (Default)
    num_samples = 1000 (Default)
method = sample (Default)
  sample
    adapt
      engaged = 1 (Default)
      gamma = 0.050000 (Default)
      delta = 0.800000 (Default)
  sample
    num_samples = 1000 (Default)
      kappa = 0.750000 (Default)
    num_warmup = 1000 (Default)
    save_warmup = 0 (Default)
      t0 = 10.000000 (Default)
    num_samples = 1000 (Default)
    thin = 1 (Default)
    num_warmup = 1000 (Default)
    adapt
      engaged = 1 (Default)
    num_warmup = 1000 (Default)
      init_buffer = 75 (Default)
    save_warmup = 0 (Default)
    thin = 1 (Default)
    adapt
      gamma = 0.050000 (Default)
    save_warmup = 0 (Default)
      term_buffer = 50 (Default)
      delta = 0.800000 (Default)
      window = 25 (Default)
      kappa = 0.750000 (Default)
      t0 = 10.000000 (Default)
      init_buffer = 75 (Default)
      term_buffer = 50 (Default)
    thin = 1 (Default)
      save_metric = 0 (Default)
    adapt
      engaged = 1 (Default)
      engaged = 1 (Default)
      window = 25 (Default)
      gamma = 0.050000 (Default)
    algorithm = hmc (Default)
      save_metric = 0 (Default)
      gamma = 0.050000 (Default)
    algorithm = hmc (Default)
      delta = 0.800000 (Default)
      delta = 0.800000 (Default)
      hmc
      kappa = 0.750000 (Default)
      t0 = 10.000000 (Default)
      kappa = 0.750000 (Default)
      t0 = 10.000000 (Default)
      init_buffer = 75 (Default)
      term_buffer = 50 (Default)
        engine = nuts (Default)
          nuts
      init_buffer = 75 (Default)
      window = 25 (Default)
      term_buffer = 50 (Default)
      window = 25 (Default)
            max_depth = 10 (Default)
        metric = diag_e (Default)
        metric_file =  (Default)
      save_metric = 0 (Default)
      save_metric = 0 (Default)
    algorithm = hmc (Default)
      hmc
      hmc
        stepsize = 1.000000 (Default)
        engine = nuts (Default)
        stepsize_jitter = 0.000000 (Default)
          nuts
    algorithm = hmc (Default)
            max_depth = 10 (Default)
    num_chains = 1 (Default)
      hmc
id = 4
data
        engine = nuts (Default)
        metric = diag_e (Default)
  file =  (Default)
          nuts
init = 2 (Default)
        engine = nuts (Default)
            max_depth = 10 (Default)
random
        metric_file =  (Default)
        metric = diag_e (Default)
        stepsize = 1.000000 (Default)
          nuts
        metric_file =  (Default)
            max_depth = 10 (Default)
  seed = 4184455557 (Default)
        stepsize_jitter = 0.000000 (Default)
        metric = diag_e (Default)
        stepsize = 1.000000 (Default)
output
        stepsize_jitter = 0.000000 (Default)
        metric_file =  (Default)
    num_chains = 1 (Default)
    num_chains = 1 (Default)
  file = /Users/rob/.julia/dev/StanIO/test/generate_tuple_data/../../data/tuples/tuples_chain_4.csv
id = 1 (Default)
  diagnostic_file =  (Default)
data
  file =  (Default)
id = 2
data
  file =  (Default)
init = 2 (Default)
  refresh = 100 (Default)
        stepsize = 1.000000 (Default)
  sig_figs = 6
init = 2 (Default)
random
random
  seed = 4184455557 (Default)
  profile_file = profile.csv (Default)
        stepsize_jitter = 0.000000 (Default)
  save_cmdstan_config = 0 (Default)
num_threads = 1 (Default)

output
  file = /Users/rob/.julia/dev/StanIO/test/generate_tuple_data/../../data/tuples/tuples_chain_2.csv
  diagnostic_file =  (Default)
  refresh = 100 (Default)
  sig_figs = 6
    num_chains = 1 (Default)
  seed = 4184455557 (Default)
output
  profile_file = profile.csv (Default)
  save_cmdstan_config = 0 (Default)
  file = /Users/rob/.julia/dev/StanIO/test/generate_tuple_data/../../data/tuples/tuples_chain_1.csv
  diagnostic_file =  (Default)
id = 3
data
  file =  (Default)
num_threads = 1 (Default)
init = 2 (Default)
random
  seed = 4184455557 (Default)
output

  file = /Users/rob/.julia/dev/StanIO/test/generate_tuple_data/../../data/tuples/tuples_chain_3.csv
  diagnostic_file =  (Default)
  refresh = 100 (Default)
  sig_figs = 6
  profile_file = profile.csv (Default)
  save_cmdstan_config = 0 (Default)
num_threads = 1 (Default)

  refresh = 100 (Default)
  sig_figs = 6
  profile_file = profile.csv (Default)
  save_cmdstan_config = 0 (Default)
num_threads = 1 (Default)




Gradient evaluation took 6.1e-05 seconds

1000 transitions using 10 leapfrog steps per transition would take 0.61 seconds.
Gradient evaluation took 6.9e-05 seconds
Gradient evaluation took 5.2e-05 seconds
Gradient evaluation took 6.7e-05 seconds
1000 transitions using 10 leapfrog steps per transition would take 0.69 seconds.
Adjust your expectations accordingly!
Adjust your expectations accordingly!


1000 transitions using 10 leapfrog steps per transition would take 0.67 seconds.


1000 transitions using 10 leapfrog steps per transition would take 0.52 seconds.
Adjust your expectations accordingly!


Adjust your expectations accordingly!


Iteration:    1 / 2000 [  0%]  (Warmup)
Iteration:    1 / 2000 [  0%]  (Warmup)
Iteration:    1 / 2000 [  0%]  (Warmup)
Iteration:    1 / 2000 [  0%]  (Warmup)
Iteration:  100 / 2000 [  5%]  (Warmup)
Iteration:  100 / 2000 [  5%]  (Warmup)
Iteration:  100 / 2000 [  5%]  (Warmup)
Iteration:  100 / 2000 [  5%]  (Warmup)
Iteration:  200 / 2000 [ 10%]  (Warmup)
Iteration:  200 / 2000 [ 10%]  (Warmup)
Iteration:  200 / 2000 [ 10%]  (Warmup)
Iteration:  200 / 2000 [ 10%]  (Warmup)
Iteration:  300 / 2000 [ 15%]  (Warmup)
Iteration:  300 / 2000 [ 15%]  (Warmup)
Iteration:  300 / 2000 [ 15%]  (Warmup)
Iteration:  300 / 2000 [ 15%]  (Warmup)
Iteration:  400 / 2000 [ 20%]  (Warmup)
Iteration:  400 / 2000 [ 20%]  (Warmup)
Iteration:  400 / 2000 [ 20%]  (Warmup)
Iteration:  400 / 2000 [ 20%]  (Warmup)
Iteration:  500 / 2000 [ 25%]  (Warmup)
Iteration:  500 / 2000 [ 25%]  (Warmup)
Iteration:  500 / 2000 [ 25%]  (Warmup)
Iteration:  500 / 2000 [ 25%]  (Warmup)
Iteration:  600 / 2000 [ 30%]  (Warmup)
Iteration:  600 / 2000 [ 30%]  (Warmup)
Iteration:  600 / 2000 [ 30%]  (Warmup)
Iteration:  600 / 2000 [ 30%]  (Warmup)
Iteration:  700 / 2000 [ 35%]  (Warmup)
Iteration:  700 / 2000 [ 35%]  (Warmup)
Iteration:  700 / 2000 [ 35%]  (Warmup)
Iteration:  700 / 2000 [ 35%]  (Warmup)
Iteration:  800 / 2000 [ 40%]  (Warmup)
Iteration:  800 / 2000 [ 40%]  (Warmup)
Iteration:  800 / 2000 [ 40%]  (Warmup)
Iteration:  800 / 2000 [ 40%]  (Warmup)
Iteration:  900 / 2000 [ 45%]  (Warmup)
Iteration:  900 / 2000 [ 45%]  (Warmup)
Iteration:  900 / 2000 [ 45%]  (Warmup)
Iteration:  900 / 2000 [ 45%]  (Warmup)
Iteration: 1000 / 2000 [ 50%]  (Warmup)
Iteration: 1001 / 2000 [ 50%]  (Sampling)
Iteration: 1000 / 2000 [ 50%]  (Warmup)
Iteration: 1001 / 2000 [ 50%]  (Sampling)
Iteration: 1000 / 2000 [ 50%]  (Warmup)
Iteration: 1000 / 2000 [ 50%]  (Warmup)
Iteration: 1001 / 2000 [ 50%]  (Sampling)
Iteration: 1001 / 2000 [ 50%]  (Sampling)
Iteration: 1100 / 2000 [ 55%]  (Sampling)
Iteration: 1100 / 2000 [ 55%]  (Sampling)
Iteration: 1100 / 2000 [ 55%]  (Sampling)
Iteration: 1100 / 2000 [ 55%]  (Sampling)
Iteration: 1200 / 2000 [ 60%]  (Sampling)
Iteration: 1200 / 2000 [ 60%]  (Sampling)
Iteration: 1200 / 2000 [ 60%]  (Sampling)
Iteration: 1200 / 2000 [ 60%]  (Sampling)
Iteration: 1300 / 2000 [ 65%]  (Sampling)
Iteration: 1300 / 2000 [ 65%]  (Sampling)
Iteration: 1300 / 2000 [ 65%]  (Sampling)
Iteration: 1300 / 2000 [ 65%]  (Sampling)
Iteration: 1400 / 2000 [ 70%]  (Sampling)
Iteration: 1400 / 2000 [ 70%]  (Sampling)
Iteration: 1400 / 2000 [ 70%]  (Sampling)
Iteration: 1400 / 2000 [ 70%]  (Sampling)
Iteration: 1500 / 2000 [ 75%]  (Sampling)
Iteration: 1500 / 2000 [ 75%]  (Sampling)
Iteration: 1500 / 2000 [ 75%]  (Sampling)
Iteration: 1500 / 2000 [ 75%]  (Sampling)
Iteration: 1600 / 2000 [ 80%]  (Sampling)
Iteration: 1600 / 2000 [ 80%]  (Sampling)
Iteration: 1600 / 2000 [ 80%]  (Sampling)
Iteration: 1700 / 2000 [ 85%]  (Sampling)
Iteration: 1700 / 2000 [ 85%]  (Sampling)
Iteration: 1700 / 2000 [ 85%]  (Sampling)
Iteration: 1800 / 2000 [ 90%]  (Sampling)
Iteration: 1800 / 2000 [ 90%]  (Sampling)
Iteration: 1800 / 2000 [ 90%]  (Sampling)
Iteration: 1900 / 2000 [ 95%]  (Sampling)
Iteration: 1900 / 2000 [ 95%]  (Sampling)
Iteration: 1900 / 2000 [ 95%]  (Sampling)
Iteration: 1600 / 2000 [ 80%]  (Sampling)
Iteration: 2000 / 2000 [100%]  (Sampling)

 Elapsed Time: 0.01 seconds (Warm-up)
               0.02 seconds (Sampling)
               0.03 seconds (Total)

Iteration: 2000 / 2000 [100%]  (Sampling)

 Elapsed Time: 0.01 seconds (Warm-up)
               0.02 seconds (Sampling)
               0.03 seconds (Total)

Iteration: 2000 / 2000 [100%]  (Sampling)

 Elapsed Time: 0.01 seconds (Warm-up)
               0.02 seconds (Sampling)
               0.03 seconds (Total)

Iteration: 1700 / 2000 [ 85%]  (Sampling)
Iteration: 1800 / 2000 [ 90%]  (Sampling)
Iteration: 1900 / 2000 [ 95%]  (Sampling)
Iteration: 2000 / 2000 [100%]  (Sampling)

 Elapsed Time: 0.01 seconds (Warm-up)
               0.027 seconds (Sampling)
               0.037 seconds (Total)

